<?xml version="1.0" encoding="UTF-8"?>
<!-- Generated by org.testng.reporters.JUnitXMLReporter -->
<testsuite hostname="IN-IT1112" ignored="0" name="RegressionTest" tests="6" failures="1" timestamp="20 Apr 2019 14:39:31 GMT" time="44.851" errors="0">
  <testcase name="checkProductSearchFuntionality" time="9.271" classname="com.qa.amazonTestCases.AmazonProductsPageTest"/>
  <testcase name="checkProductSearchFuntionality" time="7.951" classname="com.qa.amazonTestCases.AmazonProductsPageTest"/>
  <testcase name="checkProductSearchFuntionality" time="5.888" classname="com.qa.amazonTestCases.AmazonProductsPageTest"/>
  <testcase name="checkContentOnHomePage" time="0.06" classname="com.qa.amazonTestCases.AmazonHomeTest">
    <failure type="java.lang.AssertionError" message="expected [true] but found [false]">
      <![CDATA[java.lang.AssertionError: expected [true] but found [false]
at com.qa.amazonTestCases.AmazonHomeTest.checkContentOnHomePage(AmazonHomeTest.java:30)
... Removed 29 stack frames]]>
    </failure>
  </testcase> <!-- checkContentOnHomePage -->
  <testcase name="checkTextEnteredInSearchBox" time="0.192" classname="com.qa.amazonTestCases.AmazonHomeTest"/>
  <testcase name="checkLoginFunctionality" time="1.921" classname="com.qa.amazonTestCases.AmazonHomeTest"/>
</testsuite> <!-- RegressionTest -->
