<?xml version="1.0" encoding="UTF-8"?>
<testng-results skipped="0" failed="2" ignored="2" total="12" passed="8">
  <reporter-output>
  </reporter-output>
  <suite name="Suite" duration-ms="66767" started-at="2019-04-20T14:35:12Z" finished-at="2019-04-20T14:36:19Z">
    <groups>
      <group name="smoke">
        <method signature="AmazonHomeTest.checkContentOnHomePage()[pri:1, instance:com.qa.amazonTestCases.AmazonHomeTest@84117b]" name="checkContentOnHomePage" class="com.qa.amazonTestCases.AmazonHomeTest"/>
        <method signature="AmazonProductsPageTest.checkProductSearchFuntionality(java.lang.String)[pri:0, instance:com.qa.amazonTestCases.AmazonProductsPageTest@1c042d5]" name="checkProductSearchFuntionality" class="com.qa.amazonTestCases.AmazonProductsPageTest"/>
        <method signature="AmazonHomeTest.checkContentOnHomePage()[pri:1, instance:com.qa.amazonTestCases.AmazonHomeTest@af7803]" name="checkContentOnHomePage" class="com.qa.amazonTestCases.AmazonHomeTest"/>
        <method signature="AmazonProductsPageTest.checkProductSearchFuntionality(java.lang.String)[pri:0, instance:com.qa.amazonTestCases.AmazonProductsPageTest@173d2f7]" name="checkProductSearchFuntionality" class="com.qa.amazonTestCases.AmazonProductsPageTest"/>
      </group> <!-- smoke -->
      <group name="sanity">
        <method signature="AmazonHomeTest.checkLoginFunctionality()[pri:3, instance:com.qa.amazonTestCases.AmazonHomeTest@84117b]" name="checkLoginFunctionality" class="com.qa.amazonTestCases.AmazonHomeTest"/>
      </group> <!-- sanity -->
    </groups>
    <test name="RegressionTest" duration-ms="47099" started-at="2019-04-20T14:35:12Z" finished-at="2019-04-20T14:35:59Z">
      <class name="com.qa.amazonTestCases.AmazonProductsPageTest">
        <test-method status="PASS" signature="inializeAmazonProductsPageTest()[pri:0, instance:com.qa.amazonTestCases.AmazonProductsPageTest@1c042d5]" name="inializeAmazonProductsPageTest" is-config="true" duration-ms="16700" started-at="2019-04-20T14:35:12Z" finished-at="2019-04-20T14:35:29Z">
          <reporter-output>
          </reporter-output>
        </test-method> <!-- inializeAmazonProductsPageTest -->
        <test-method status="PASS" signature="checkProductSearchFuntionality(java.lang.String)[pri:0, instance:com.qa.amazonTestCases.AmazonProductsPageTest@1c042d5]" name="checkProductSearchFuntionality" duration-ms="11085" started-at="2019-04-20T14:35:29Z" data-provider="getData" finished-at="2019-04-20T14:35:40Z">
          <params>
            <param index="0">
              <value>
                <![CDATA[redmi 7 pro phone mobile]]>
              </value>
            </param>
          </params>
          <reporter-output>
          </reporter-output>
        </test-method> <!-- checkProductSearchFuntionality -->
        <test-method status="PASS" signature="checkProductSearchFuntionality(java.lang.String)[pri:0, instance:com.qa.amazonTestCases.AmazonProductsPageTest@1c042d5]" name="checkProductSearchFuntionality" duration-ms="8373" started-at="2019-04-20T14:35:40Z" data-provider="getData" finished-at="2019-04-20T14:35:48Z">
          <params>
            <param index="0">
              <value>
                <![CDATA[colgate total]]>
              </value>
            </param>
          </params>
          <reporter-output>
          </reporter-output>
        </test-method> <!-- checkProductSearchFuntionality -->
        <test-method status="PASS" signature="checkProductSearchFuntionality(java.lang.String)[pri:0, instance:com.qa.amazonTestCases.AmazonProductsPageTest@1c042d5]" name="checkProductSearchFuntionality" duration-ms="5858" started-at="2019-04-20T14:35:48Z" data-provider="getData" finished-at="2019-04-20T14:35:54Z">
          <params>
            <param index="0">
              <value>
                <![CDATA[motorola g5s plus]]>
              </value>
            </param>
          </params>
          <reporter-output>
          </reporter-output>
        </test-method> <!-- checkProductSearchFuntionality -->
      </class> <!-- com.qa.amazonTestCases.AmazonProductsPageTest -->
      <class name="com.qa.amazonTestCases.AmazonHomeTest">
        <test-method status="PASS" signature="initializeHomePageObjects()[pri:0, instance:com.qa.amazonTestCases.AmazonHomeTest@84117b]" name="initializeHomePageObjects" is-config="true" duration-ms="1912" started-at="2019-04-20T14:35:54Z" finished-at="2019-04-20T14:35:56Z">
          <reporter-output>
          </reporter-output>
        </test-method> <!-- initializeHomePageObjects -->
        <test-method status="FAIL" signature="checkContentOnHomePage()[pri:1, instance:com.qa.amazonTestCases.AmazonHomeTest@84117b]" name="checkContentOnHomePage" duration-ms="50" started-at="2019-04-20T14:35:56Z" finished-at="2019-04-20T14:35:56Z">
          <exception class="java.lang.AssertionError">
            <message>
              <![CDATA[expected [true] but found [false]]]>
            </message>
            <full-stacktrace>
              <![CDATA[java.lang.AssertionError: expected [true] but found [false]
at org.testng.Assert.fail(Assert.java:96)
at org.testng.Assert.failNotEquals(Assert.java:776)
at org.testng.Assert.assertTrue(Assert.java:44)
at org.testng.Assert.assertTrue(Assert.java:54)
at com.qa.amazonTestCases.AmazonHomeTest.checkContentOnHomePage(AmazonHomeTest.java:30)
at sun.reflect.NativeMethodAccessorImpl.invoke0(Native Method)
at sun.reflect.NativeMethodAccessorImpl.invoke(NativeMethodAccessorImpl.java:62)
at sun.reflect.DelegatingMethodAccessorImpl.invoke(DelegatingMethodAccessorImpl.java:43)
at java.lang.reflect.Method.invoke(Method.java:498)
at org.testng.internal.MethodInvocationHelper.invokeMethod(MethodInvocationHelper.java:124)
at org.testng.internal.Invoker.invokeMethod(Invoker.java:583)
at org.testng.internal.Invoker.invokeTestMethod(Invoker.java:719)
at org.testng.internal.Invoker.invokeTestMethods(Invoker.java:989)
at org.testng.internal.TestMethodWorker.invokeTestMethods(TestMethodWorker.java:125)
at org.testng.internal.TestMethodWorker.run(TestMethodWorker.java:109)
at org.testng.TestRunner.privateRun(TestRunner.java:648)
at org.testng.TestRunner.run(TestRunner.java:505)
at org.testng.SuiteRunner.runTest(SuiteRunner.java:455)
at org.testng.SuiteRunner.runSequentially(SuiteRunner.java:450)
at org.testng.SuiteRunner.privateRun(SuiteRunner.java:415)
at org.testng.SuiteRunner.run(SuiteRunner.java:364)
at org.testng.SuiteRunnerWorker.runSuite(SuiteRunnerWorker.java:52)
at org.testng.SuiteRunnerWorker.run(SuiteRunnerWorker.java:84)
at org.testng.TestNG.runSuitesSequentially(TestNG.java:1208)
at org.testng.TestNG.runSuitesLocally(TestNG.java:1137)
at org.testng.TestNG.runSuites(TestNG.java:1049)
at org.testng.TestNG.run(TestNG.java:1017)
at org.apache.maven.surefire.testng.TestNGExecutor.run(TestNGExecutor.java:295)
at org.apache.maven.surefire.testng.TestNGXmlTestSuite.execute(TestNGXmlTestSuite.java:84)
at org.apache.maven.surefire.testng.TestNGProvider.invoke(TestNGProvider.java:90)
at sun.reflect.NativeMethodAccessorImpl.invoke0(Native Method)
at sun.reflect.NativeMethodAccessorImpl.invoke(NativeMethodAccessorImpl.java:62)
at sun.reflect.DelegatingMethodAccessorImpl.invoke(DelegatingMethodAccessorImpl.java:43)
at java.lang.reflect.Method.invoke(Method.java:498)
at org.apache.maven.surefire.util.ReflectionUtils.invokeMethodWithArray2(ReflectionUtils.java:208)
at org.apache.maven.surefire.booter.ProviderFactory$ProviderProxy.invoke(ProviderFactory.java:155)
at org.apache.maven.surefire.booter.ProviderFactory.invokeProvider(ProviderFactory.java:81)
at org.apache.maven.plugin.surefire.InPluginVMSurefireStarter.runSuitesInProcess(InPluginVMSurefireStarter.java:82)
at org.apache.maven.plugin.surefire.AbstractSurefireMojo.executeProvider(AbstractSurefireMojo.java:974)
at org.apache.maven.plugin.surefire.AbstractSurefireMojo.executeAfterPreconditionsChecked(AbstractSurefireMojo.java:824)
at org.apache.maven.plugin.surefire.AbstractSurefireMojo.execute(AbstractSurefireMojo.java:722)
at org.apache.maven.plugin.DefaultBuildPluginManager.executeMojo(DefaultBuildPluginManager.java:137)
at org.apache.maven.lifecycle.internal.MojoExecutor.execute(MojoExecutor.java:208)
at org.apache.maven.lifecycle.internal.MojoExecutor.execute(MojoExecutor.java:154)
at org.apache.maven.lifecycle.internal.MojoExecutor.execute(MojoExecutor.java:146)
at org.apache.maven.lifecycle.internal.LifecycleModuleBuilder.buildProject(LifecycleModuleBuilder.java:117)
at org.apache.maven.lifecycle.internal.LifecycleModuleBuilder.buildProject(LifecycleModuleBuilder.java:81)
at org.apache.maven.lifecycle.internal.builder.singlethreaded.SingleThreadedBuilder.build(SingleThreadedBuilder.java:56)
at org.apache.maven.lifecycle.internal.LifecycleStarter.execute(LifecycleStarter.java:128)
at org.apache.maven.DefaultMaven.doExecute(DefaultMaven.java:305)
at org.apache.maven.DefaultMaven.doExecute(DefaultMaven.java:192)
at org.apache.maven.DefaultMaven.execute(DefaultMaven.java:105)
at org.apache.maven.cli.MavenCli.execute(MavenCli.java:954)
at org.apache.maven.cli.MavenCli.doMain(MavenCli.java:288)
at org.apache.maven.cli.MavenCli.main(MavenCli.java:192)
at sun.reflect.NativeMethodAccessorImpl.invoke0(Native Method)
at sun.reflect.NativeMethodAccessorImpl.invoke(NativeMethodAccessorImpl.java:62)
at sun.reflect.DelegatingMethodAccessorImpl.invoke(DelegatingMethodAccessorImpl.java:43)
at java.lang.reflect.Method.invoke(Method.java:498)
at org.codehaus.plexus.classworlds.launcher.Launcher.launchEnhanced(Launcher.java:289)
at org.codehaus.plexus.classworlds.launcher.Launcher.launch(Launcher.java:229)
at org.codehaus.plexus.classworlds.launcher.Launcher.mainWithExitCode(Launcher.java:415)
at org.codehaus.plexus.classworlds.launcher.Launcher.main(Launcher.java:356)
]]>
            </full-stacktrace>
          </exception> <!-- java.lang.AssertionError -->
          <reporter-output>
          </reporter-output>
        </test-method> <!-- checkContentOnHomePage -->
        <test-method status="PASS" signature="checkTextEnteredInSearchBox()[pri:2, instance:com.qa.amazonTestCases.AmazonHomeTest@84117b]" name="checkTextEnteredInSearchBox" duration-ms="164" started-at="2019-04-20T14:35:57Z" finished-at="2019-04-20T14:35:57Z">
          <reporter-output>
          </reporter-output>
        </test-method> <!-- checkTextEnteredInSearchBox -->
        <test-method status="PASS" signature="checkLoginFunctionality()[pri:3, instance:com.qa.amazonTestCases.AmazonHomeTest@84117b]" name="checkLoginFunctionality" duration-ms="2039" started-at="2019-04-20T14:35:57Z" finished-at="2019-04-20T14:35:59Z">
          <reporter-output>
          </reporter-output>
        </test-method> <!-- checkLoginFunctionality -->
      </class> <!-- com.qa.amazonTestCases.AmazonHomeTest -->
    </test> <!-- RegressionTest -->
    <test name="HomeTest" duration-ms="2649" started-at="2019-04-20T14:35:59Z" finished-at="2019-04-20T14:36:02Z">
      <class name="com.qa.amazonTestCases.AmazonHomeTest">
        <test-method status="PASS" signature="initializeHomePageObjects()[pri:0, instance:com.qa.amazonTestCases.AmazonHomeTest@af7803]" name="initializeHomePageObjects" is-config="true" duration-ms="1803" started-at="2019-04-20T14:35:59Z" finished-at="2019-04-20T14:36:01Z">
          <reporter-output>
          </reporter-output>
        </test-method> <!-- initializeHomePageObjects -->
        <test-method status="FAIL" signature="checkContentOnHomePage()[pri:1, instance:com.qa.amazonTestCases.AmazonHomeTest@af7803]" name="checkContentOnHomePage" duration-ms="68" started-at="2019-04-20T14:36:01Z" finished-at="2019-04-20T14:36:01Z">
          <exception class="java.lang.AssertionError">
            <message>
              <![CDATA[expected [true] but found [false]]]>
            </message>
            <full-stacktrace>
              <![CDATA[java.lang.AssertionError: expected [true] but found [false]
at org.testng.Assert.fail(Assert.java:96)
at org.testng.Assert.failNotEquals(Assert.java:776)
at org.testng.Assert.assertTrue(Assert.java:44)
at org.testng.Assert.assertTrue(Assert.java:54)
at com.qa.amazonTestCases.AmazonHomeTest.checkContentOnHomePage(AmazonHomeTest.java:30)
at sun.reflect.NativeMethodAccessorImpl.invoke0(Native Method)
at sun.reflect.NativeMethodAccessorImpl.invoke(NativeMethodAccessorImpl.java:62)
at sun.reflect.DelegatingMethodAccessorImpl.invoke(DelegatingMethodAccessorImpl.java:43)
at java.lang.reflect.Method.invoke(Method.java:498)
at org.testng.internal.MethodInvocationHelper.invokeMethod(MethodInvocationHelper.java:124)
at org.testng.internal.Invoker.invokeMethod(Invoker.java:583)
at org.testng.internal.Invoker.invokeTestMethod(Invoker.java:719)
at org.testng.internal.Invoker.invokeTestMethods(Invoker.java:989)
at org.testng.internal.TestMethodWorker.invokeTestMethods(TestMethodWorker.java:125)
at org.testng.internal.TestMethodWorker.run(TestMethodWorker.java:109)
at org.testng.TestRunner.privateRun(TestRunner.java:648)
at org.testng.TestRunner.run(TestRunner.java:505)
at org.testng.SuiteRunner.runTest(SuiteRunner.java:455)
at org.testng.SuiteRunner.runSequentially(SuiteRunner.java:450)
at org.testng.SuiteRunner.privateRun(SuiteRunner.java:415)
at org.testng.SuiteRunner.run(SuiteRunner.java:364)
at org.testng.SuiteRunnerWorker.runSuite(SuiteRunnerWorker.java:52)
at org.testng.SuiteRunnerWorker.run(SuiteRunnerWorker.java:84)
at org.testng.TestNG.runSuitesSequentially(TestNG.java:1208)
at org.testng.TestNG.runSuitesLocally(TestNG.java:1137)
at org.testng.TestNG.runSuites(TestNG.java:1049)
at org.testng.TestNG.run(TestNG.java:1017)
at org.apache.maven.surefire.testng.TestNGExecutor.run(TestNGExecutor.java:295)
at org.apache.maven.surefire.testng.TestNGXmlTestSuite.execute(TestNGXmlTestSuite.java:84)
at org.apache.maven.surefire.testng.TestNGProvider.invoke(TestNGProvider.java:90)
at sun.reflect.NativeMethodAccessorImpl.invoke0(Native Method)
at sun.reflect.NativeMethodAccessorImpl.invoke(NativeMethodAccessorImpl.java:62)
at sun.reflect.DelegatingMethodAccessorImpl.invoke(DelegatingMethodAccessorImpl.java:43)
at java.lang.reflect.Method.invoke(Method.java:498)
at org.apache.maven.surefire.util.ReflectionUtils.invokeMethodWithArray2(ReflectionUtils.java:208)
at org.apache.maven.surefire.booter.ProviderFactory$ProviderProxy.invoke(ProviderFactory.java:155)
at org.apache.maven.surefire.booter.ProviderFactory.invokeProvider(ProviderFactory.java:81)
at org.apache.maven.plugin.surefire.InPluginVMSurefireStarter.runSuitesInProcess(InPluginVMSurefireStarter.java:82)
at org.apache.maven.plugin.surefire.AbstractSurefireMojo.executeProvider(AbstractSurefireMojo.java:974)
at org.apache.maven.plugin.surefire.AbstractSurefireMojo.executeAfterPreconditionsChecked(AbstractSurefireMojo.java:824)
at org.apache.maven.plugin.surefire.AbstractSurefireMojo.execute(AbstractSurefireMojo.java:722)
at org.apache.maven.plugin.DefaultBuildPluginManager.executeMojo(DefaultBuildPluginManager.java:137)
at org.apache.maven.lifecycle.internal.MojoExecutor.execute(MojoExecutor.java:208)
at org.apache.maven.lifecycle.internal.MojoExecutor.execute(MojoExecutor.java:154)
at org.apache.maven.lifecycle.internal.MojoExecutor.execute(MojoExecutor.java:146)
at org.apache.maven.lifecycle.internal.LifecycleModuleBuilder.buildProject(LifecycleModuleBuilder.java:117)
at org.apache.maven.lifecycle.internal.LifecycleModuleBuilder.buildProject(LifecycleModuleBuilder.java:81)
at org.apache.maven.lifecycle.internal.builder.singlethreaded.SingleThreadedBuilder.build(SingleThreadedBuilder.java:56)
at org.apache.maven.lifecycle.internal.LifecycleStarter.execute(LifecycleStarter.java:128)
at org.apache.maven.DefaultMaven.doExecute(DefaultMaven.java:305)
at org.apache.maven.DefaultMaven.doExecute(DefaultMaven.java:192)
at org.apache.maven.DefaultMaven.execute(DefaultMaven.java:105)
at org.apache.maven.cli.MavenCli.execute(MavenCli.java:954)
at org.apache.maven.cli.MavenCli.doMain(MavenCli.java:288)
at org.apache.maven.cli.MavenCli.main(MavenCli.java:192)
at sun.reflect.NativeMethodAccessorImpl.invoke0(Native Method)
at sun.reflect.NativeMethodAccessorImpl.invoke(NativeMethodAccessorImpl.java:62)
at sun.reflect.DelegatingMethodAccessorImpl.invoke(DelegatingMethodAccessorImpl.java:43)
at java.lang.reflect.Method.invoke(Method.java:498)
at org.codehaus.plexus.classworlds.launcher.Launcher.launchEnhanced(Launcher.java:289)
at org.codehaus.plexus.classworlds.launcher.Launcher.launch(Launcher.java:229)
at org.codehaus.plexus.classworlds.launcher.Launcher.mainWithExitCode(Launcher.java:415)
at org.codehaus.plexus.classworlds.launcher.Launcher.main(Launcher.java:356)
]]>
            </full-stacktrace>
          </exception> <!-- java.lang.AssertionError -->
          <reporter-output>
          </reporter-output>
        </test-method> <!-- checkContentOnHomePage -->
      </class> <!-- com.qa.amazonTestCases.AmazonHomeTest -->
    </test> <!-- HomeTest -->
    <test name="ProductTest" duration-ms="16969" started-at="2019-04-20T14:36:02Z" finished-at="2019-04-20T14:36:19Z">
      <class name="com.qa.amazonTestCases.AmazonProductsPageTest">
        <test-method status="PASS" signature="inializeAmazonProductsPageTest()[pri:0, instance:com.qa.amazonTestCases.AmazonProductsPageTest@173d2f7]" name="inializeAmazonProductsPageTest" is-config="true" duration-ms="1889" started-at="2019-04-20T14:36:02Z" finished-at="2019-04-20T14:36:04Z">
          <reporter-output>
          </reporter-output>
        </test-method> <!-- inializeAmazonProductsPageTest -->
        <test-method status="PASS" signature="checkProductSearchFuntionality(java.lang.String)[pri:0, instance:com.qa.amazonTestCases.AmazonProductsPageTest@173d2f7]" name="checkProductSearchFuntionality" duration-ms="4875" started-at="2019-04-20T14:36:04Z" data-provider="getData" finished-at="2019-04-20T14:36:09Z">
          <params>
            <param index="0">
              <value>
                <![CDATA[redmi 7 pro phone mobile]]>
              </value>
            </param>
          </params>
          <reporter-output>
          </reporter-output>
        </test-method> <!-- checkProductSearchFuntionality -->
        <test-method status="PASS" signature="checkProductSearchFuntionality(java.lang.String)[pri:0, instance:com.qa.amazonTestCases.AmazonProductsPageTest@173d2f7]" name="checkProductSearchFuntionality" duration-ms="5123" started-at="2019-04-20T14:36:09Z" data-provider="getData" finished-at="2019-04-20T14:36:14Z">
          <params>
            <param index="0">
              <value>
                <![CDATA[colgate total]]>
              </value>
            </param>
          </params>
          <reporter-output>
          </reporter-output>
        </test-method> <!-- checkProductSearchFuntionality -->
        <test-method status="PASS" signature="checkProductSearchFuntionality(java.lang.String)[pri:0, instance:com.qa.amazonTestCases.AmazonProductsPageTest@173d2f7]" name="checkProductSearchFuntionality" duration-ms="5079" started-at="2019-04-20T14:36:14Z" data-provider="getData" finished-at="2019-04-20T14:36:19Z">
          <params>
            <param index="0">
              <value>
                <![CDATA[motorola g5s plus]]>
              </value>
            </param>
          </params>
          <reporter-output>
          </reporter-output>
        </test-method> <!-- checkProductSearchFuntionality -->
      </class> <!-- com.qa.amazonTestCases.AmazonProductsPageTest -->
      <class name="com.qa.amazonTestCases.StartStopDriver">
        <test-method status="PASS" signature="Setup()[pri:0, instance:com.qa.amazonTestCases.StartStopDriver@116e8c5]" name="Setup" is-config="true" duration-ms="5360" started-at="2019-04-20T14:35:07Z" finished-at="2019-04-20T14:35:12Z">
          <reporter-output>
          </reporter-output>
        </test-method> <!-- Setup -->
        <test-method status="PASS" signature="TearDown()[pri:0, instance:com.qa.amazonTestCases.StartStopDriver@116e8c5]" name="TearDown" is-config="true" duration-ms="295" started-at="2019-04-20T14:36:19Z" finished-at="2019-04-20T14:36:19Z">
          <reporter-output>
          </reporter-output>
        </test-method> <!-- TearDown -->
      </class> <!-- com.qa.amazonTestCases.StartStopDriver -->
    </test> <!-- ProductTest -->
  </suite> <!-- Suite -->
</testng-results>
