<!DOCTYPE html PUBLIC "-//W3C//DTD XHTML 1.1//EN" "http://www.w3.org/TR/xhtml11/DTD/xhtml11.dtd">
<html xmlns="http://www.w3.org/1999/xhtml">
<head>
<meta http-equiv="content-type" content="text/html; charset=UTF-8"/>
<title>TestNG Report</title>
<style type="text/css">table {margin-bottom:10px;border-collapse:collapse;empty-cells:show}th,td {border:1px solid #009;padding:.25em .5em}th {vertical-align:bottom}td {vertical-align:top}table a {font-weight:bold}.stripe td {background-color: #E6EBF9}.num {text-align:right}.passedodd td {background-color: #3F3}.passedeven td {background-color: #0A0}.skippedodd td {background-color: #DDD}.skippedeven td {background-color: #CCC}.failedodd td,.attn {background-color: #F33}.failedeven td,.stripe .attn {background-color: #D00}.stacktrace {white-space:pre;font-family:monospace}.totop {font-size:85%;text-align:center;border-bottom:2px solid #000}.invisible {display:none}</style>
</head>
<body>
<table>
<tr><th>Test</th><th># Passed</th><th># Skipped</th><th># Failed</th><th>Time (ms)</th><th>Included Groups</th><th>Excluded Groups</th></tr>
<tr><th colspan="7">Suite</th></tr>
<tr><td><a href="#t0">RegressionTest</a></td><td class="num">5</td><td class="num">0</td><td class="num attn">1</td><td class="num">44,851</td><td></td><td></td></tr>
<tr class="stripe"><td><a href="#t1">HomeTest</a></td><td class="num">0</td><td class="num">0</td><td class="num attn">1</td><td class="num">3,023</td><td></td><td></td></tr>
<tr><td><a href="#t2">ProductTest</a></td><td class="num">3</td><td class="num">0</td><td class="num">0</td><td class="num">16,656</td><td></td><td></td></tr>
<tr><th>Total</th><th class="num">8</th><th class="num">0</th><th class="num attn">2</th><th class="num">64,530</th><th colspan="2"></th></tr>
</table>
<table id='summary'><thead><tr><th>Class</th><th>Method</th><th>Start</th><th>Time (ms)</th></tr></thead><tbody><tr><th colspan="4">Suite</th></tr></tbody><tbody id="t0"><tr><th colspan="4">RegressionTest &#8212; failed</th></tr><tr class="failedeven"><td rowspan="1">com.qa.amazonTestCases.AmazonHomeTest</td><td><a href="#m0">checkContentOnHomePage</a></td><td rowspan="1">1555771168120</td><td rowspan="1">60</td></tr><tr><th colspan="4">RegressionTest &#8212; passed</th></tr><tr class="passedeven"><td rowspan="2">com.qa.amazonTestCases.AmazonHomeTest</td><td><a href="#m1">checkLoginFunctionality</a></td><td rowspan="1">1555771169136</td><td rowspan="1">1921</td></tr><tr class="passedeven"><td><a href="#m2">checkTextEnteredInSearchBox</a></td><td rowspan="1">1555771168943</td><td rowspan="1">192</td></tr><tr class="passedodd"><td rowspan="3">com.qa.amazonTestCases.AmazonProductsPageTest</td><td><a href="#m3">checkProductSearchFuntionality</a></td><td rowspan="3">1555771160265</td><td rowspan="3">5888</td></tr><tr class="passedodd"><td><a href="#m4">checkProductSearchFuntionality</a></td></tr><tr class="passedodd"><td><a href="#m5">checkProductSearchFuntionality</a></td></tr></tbody>
<tbody id="t1"><tr><th colspan="4">HomeTest &#8212; failed</th></tr><tr class="failedeven"><td rowspan="1">com.qa.amazonTestCases.AmazonHomeTest</td><td><a href="#m6">checkContentOnHomePage</a></td><td rowspan="1">1555771173375</td><td rowspan="1">42</td></tr></tbody>
<tbody id="t2"><tr><th colspan="4">ProductTest &#8212; passed</th></tr><tr class="passedeven"><td rowspan="3">com.qa.amazonTestCases.AmazonProductsPageTest</td><td><a href="#m7">checkProductSearchFuntionality</a></td><td rowspan="3">1555771186137</td><td rowspan="3">4648</td></tr><tr class="passedeven"><td><a href="#m8">checkProductSearchFuntionality</a></td></tr><tr class="passedeven"><td><a href="#m9">checkProductSearchFuntionality</a></td></tr></tbody>
</table>
<h2>RegressionTest</h2><h3 id="m0">com.qa.amazonTestCases.AmazonHomeTest#checkContentOnHomePage</h3><table class="result"><tr><th>Exception</th></tr><tr><td><div class="stacktrace">java.lang.AssertionError: expected [true] but found [false]
	at com.qa.amazonTestCases.AmazonHomeTest.checkContentOnHomePage(AmazonHomeTest.java:30)
... Removed 29 stack frames</div></td></tr></table><p class="totop"><a href="#summary">back to summary</a></p>
<h3 id="m1">com.qa.amazonTestCases.AmazonHomeTest#checkLoginFunctionality</h3><table class="result"><tr><th class="invisible"/></tr></table><p class="totop"><a href="#summary">back to summary</a></p>
<h3 id="m2">com.qa.amazonTestCases.AmazonHomeTest#checkTextEnteredInSearchBox</h3><table class="result"><tr><th class="invisible"/></tr></table><p class="totop"><a href="#summary">back to summary</a></p>
<h3 id="m3">com.qa.amazonTestCases.AmazonProductsPageTest#checkProductSearchFuntionality</h3><table class="result"><tr class="param"><th>Parameter #1</th></tr><tr class="param stripe"><td>motorola g5s plus</td></tr></table><p class="totop"><a href="#summary">back to summary</a></p>
<h3 id="m4">com.qa.amazonTestCases.AmazonProductsPageTest#checkProductSearchFuntionality</h3><table class="result"><tr class="param"><th>Parameter #1</th></tr><tr class="param stripe"><td>redmi 7 pro phone mobile</td></tr></table><p class="totop"><a href="#summary">back to summary</a></p>
<h3 id="m5">com.qa.amazonTestCases.AmazonProductsPageTest#checkProductSearchFuntionality</h3><table class="result"><tr class="param"><th>Parameter #1</th></tr><tr class="param stripe"><td>colgate total</td></tr></table><p class="totop"><a href="#summary">back to summary</a></p>
<h2>HomeTest</h2><h3 id="m6">com.qa.amazonTestCases.AmazonHomeTest#checkContentOnHomePage</h3><table class="result"><tr><th>Exception</th></tr><tr><td><div class="stacktrace">java.lang.AssertionError: expected [true] but found [false]
	at com.qa.amazonTestCases.AmazonHomeTest.checkContentOnHomePage(AmazonHomeTest.java:30)
... Removed 29 stack frames</div></td></tr></table><p class="totop"><a href="#summary">back to summary</a></p>
<h2>ProductTest</h2><h3 id="m7">com.qa.amazonTestCases.AmazonProductsPageTest#checkProductSearchFuntionality</h3><table class="result"><tr class="param"><th>Parameter #1</th></tr><tr class="param stripe"><td>motorola g5s plus</td></tr></table><p class="totop"><a href="#summary">back to summary</a></p>
<h3 id="m8">com.qa.amazonTestCases.AmazonProductsPageTest#checkProductSearchFuntionality</h3><table class="result"><tr class="param"><th>Parameter #1</th></tr><tr class="param stripe"><td>redmi 7 pro phone mobile</td></tr></table><p class="totop"><a href="#summary">back to summary</a></p>
<h3 id="m9">com.qa.amazonTestCases.AmazonProductsPageTest#checkProductSearchFuntionality</h3><table class="result"><tr class="param"><th>Parameter #1</th></tr><tr class="param stripe"><td>colgate total</td></tr></table><p class="totop"><a href="#summary">back to summary</a></p>
</body>
</html>
