<?xml version="1.0" encoding="UTF-8"?>
<testng-results skipped="0" failed="2" ignored="2" total="12" passed="8">
  <reporter-output>
  </reporter-output>
  <suite name="Suite" duration-ms="64580" started-at="2019-04-20T14:38:46Z" finished-at="2019-04-20T14:39:50Z">
    <groups>
      <group name="smoke">
        <method signature="AmazonHomeTest.checkContentOnHomePage()[pri:1, instance:com.qa.amazonTestCases.AmazonHomeTest@4883b407]" name="checkContentOnHomePage" class="com.qa.amazonTestCases.AmazonHomeTest"/>
        <method signature="AmazonProductsPageTest.checkProductSearchFuntionality(java.lang.String)[pri:0, instance:com.qa.amazonTestCases.AmazonProductsPageTest@5622fdf]" name="checkProductSearchFuntionality" class="com.qa.amazonTestCases.AmazonProductsPageTest"/>
        <method signature="AmazonHomeTest.checkContentOnHomePage()[pri:1, instance:com.qa.amazonTestCases.AmazonHomeTest@1ce92674]" name="checkContentOnHomePage" class="com.qa.amazonTestCases.AmazonHomeTest"/>
        <method signature="AmazonProductsPageTest.checkProductSearchFuntionality(java.lang.String)[pri:0, instance:com.qa.amazonTestCases.AmazonProductsPageTest@1e397ed7]" name="checkProductSearchFuntionality" class="com.qa.amazonTestCases.AmazonProductsPageTest"/>
      </group> <!-- smoke -->
      <group name="sanity">
        <method signature="AmazonHomeTest.checkLoginFunctionality()[pri:3, instance:com.qa.amazonTestCases.AmazonHomeTest@4883b407]" name="checkLoginFunctionality" class="com.qa.amazonTestCases.AmazonHomeTest"/>
      </group> <!-- sanity -->
    </groups>
    <test name="RegressionTest" duration-ms="44851" started-at="2019-04-20T14:38:46Z" finished-at="2019-04-20T14:39:31Z">
      <class name="com.qa.amazonTestCases.AmazonProductsPageTest">
        <test-method status="PASS" signature="inializeAmazonProductsPageTest()[pri:0, instance:com.qa.amazonTestCases.AmazonProductsPageTest@5622fdf]" name="inializeAmazonProductsPageTest" is-config="true" duration-ms="16800" started-at="2019-04-20T14:38:46Z" finished-at="2019-04-20T14:39:03Z">
          <reporter-output>
          </reporter-output>
        </test-method> <!-- inializeAmazonProductsPageTest -->
        <test-method status="PASS" signature="checkProductSearchFuntionality(java.lang.String)[pri:0, instance:com.qa.amazonTestCases.AmazonProductsPageTest@5622fdf]" name="checkProductSearchFuntionality" duration-ms="9271" started-at="2019-04-20T14:39:03Z" data-provider="getData" finished-at="2019-04-20T14:39:12Z">
          <params>
            <param index="0">
              <value>
                <![CDATA[redmi 7 pro phone mobile]]>
              </value>
            </param>
          </params>
          <reporter-output>
          </reporter-output>
        </test-method> <!-- checkProductSearchFuntionality -->
        <test-method status="PASS" signature="checkProductSearchFuntionality(java.lang.String)[pri:0, instance:com.qa.amazonTestCases.AmazonProductsPageTest@5622fdf]" name="checkProductSearchFuntionality" duration-ms="7951" started-at="2019-04-20T14:39:12Z" data-provider="getData" finished-at="2019-04-20T14:39:20Z">
          <params>
            <param index="0">
              <value>
                <![CDATA[colgate total]]>
              </value>
            </param>
          </params>
          <reporter-output>
          </reporter-output>
        </test-method> <!-- checkProductSearchFuntionality -->
        <test-method status="PASS" signature="checkProductSearchFuntionality(java.lang.String)[pri:0, instance:com.qa.amazonTestCases.AmazonProductsPageTest@5622fdf]" name="checkProductSearchFuntionality" duration-ms="5888" started-at="2019-04-20T14:39:20Z" data-provider="getData" finished-at="2019-04-20T14:39:26Z">
          <params>
            <param index="0">
              <value>
                <![CDATA[motorola g5s plus]]>
              </value>
            </param>
          </params>
          <reporter-output>
          </reporter-output>
        </test-method> <!-- checkProductSearchFuntionality -->
      </class> <!-- com.qa.amazonTestCases.AmazonProductsPageTest -->
      <class name="com.qa.amazonTestCases.AmazonHomeTest">
        <test-method status="PASS" signature="initializeHomePageObjects()[pri:0, instance:com.qa.amazonTestCases.AmazonHomeTest@4883b407]" name="initializeHomePageObjects" is-config="true" duration-ms="1962" started-at="2019-04-20T14:39:26Z" finished-at="2019-04-20T14:39:28Z">
          <reporter-output>
          </reporter-output>
        </test-method> <!-- initializeHomePageObjects -->
        <test-method status="FAIL" signature="checkContentOnHomePage()[pri:1, instance:com.qa.amazonTestCases.AmazonHomeTest@4883b407]" name="checkContentOnHomePage" duration-ms="60" started-at="2019-04-20T14:39:28Z" finished-at="2019-04-20T14:39:28Z">
          <exception class="java.lang.AssertionError">
            <message>
              <![CDATA[expected [true] but found [false]]]>
            </message>
            <full-stacktrace>
              <![CDATA[java.lang.AssertionError: expected [true] but found [false]
at org.testng.Assert.fail(Assert.java:96)
at org.testng.Assert.failNotEquals(Assert.java:776)
at org.testng.Assert.assertTrue(Assert.java:44)
at org.testng.Assert.assertTrue(Assert.java:54)
at com.qa.amazonTestCases.AmazonHomeTest.checkContentOnHomePage(AmazonHomeTest.java:30)
at sun.reflect.NativeMethodAccessorImpl.invoke0(Native Method)
at sun.reflect.NativeMethodAccessorImpl.invoke(Unknown Source)
at sun.reflect.DelegatingMethodAccessorImpl.invoke(Unknown Source)
at java.lang.reflect.Method.invoke(Unknown Source)
at org.testng.internal.MethodInvocationHelper.invokeMethod(MethodInvocationHelper.java:124)
at org.testng.internal.Invoker.invokeMethod(Invoker.java:580)
at org.testng.internal.Invoker.invokeTestMethod(Invoker.java:716)
at org.testng.internal.Invoker.invokeTestMethods(Invoker.java:988)
at org.testng.internal.TestMethodWorker.invokeTestMethods(TestMethodWorker.java:125)
at org.testng.internal.TestMethodWorker.run(TestMethodWorker.java:109)
at org.testng.TestRunner.privateRun(TestRunner.java:648)
at org.testng.TestRunner.run(TestRunner.java:505)
at org.testng.SuiteRunner.runTest(SuiteRunner.java:455)
at org.testng.SuiteRunner.runSequentially(SuiteRunner.java:450)
at org.testng.SuiteRunner.privateRun(SuiteRunner.java:415)
at org.testng.SuiteRunner.run(SuiteRunner.java:364)
at org.testng.SuiteRunnerWorker.runSuite(SuiteRunnerWorker.java:52)
at org.testng.SuiteRunnerWorker.run(SuiteRunnerWorker.java:84)
at org.testng.TestNG.runSuitesSequentially(TestNG.java:1208)
at org.testng.TestNG.runSuitesLocally(TestNG.java:1137)
at org.testng.TestNG.runSuites(TestNG.java:1049)
at org.testng.TestNG.run(TestNG.java:1017)
at org.testng.remote.AbstractRemoteTestNG.run(AbstractRemoteTestNG.java:114)
at org.testng.remote.RemoteTestNG.initAndRun(RemoteTestNG.java:251)
at org.testng.remote.RemoteTestNG.main(RemoteTestNG.java:77)
]]>
            </full-stacktrace>
          </exception> <!-- java.lang.AssertionError -->
          <reporter-output>
          </reporter-output>
        </test-method> <!-- checkContentOnHomePage -->
        <test-method status="PASS" signature="checkTextEnteredInSearchBox()[pri:2, instance:com.qa.amazonTestCases.AmazonHomeTest@4883b407]" name="checkTextEnteredInSearchBox" duration-ms="192" started-at="2019-04-20T14:39:28Z" finished-at="2019-04-20T14:39:29Z">
          <reporter-output>
          </reporter-output>
        </test-method> <!-- checkTextEnteredInSearchBox -->
        <test-method status="PASS" signature="checkLoginFunctionality()[pri:3, instance:com.qa.amazonTestCases.AmazonHomeTest@4883b407]" name="checkLoginFunctionality" duration-ms="1921" started-at="2019-04-20T14:39:29Z" finished-at="2019-04-20T14:39:31Z">
          <reporter-output>
          </reporter-output>
        </test-method> <!-- checkLoginFunctionality -->
      </class> <!-- com.qa.amazonTestCases.AmazonHomeTest -->
    </test> <!-- RegressionTest -->
    <test name="HomeTest" duration-ms="3023" started-at="2019-04-20T14:39:31Z" finished-at="2019-04-20T14:39:34Z">
      <class name="com.qa.amazonTestCases.AmazonHomeTest">
        <test-method status="PASS" signature="initializeHomePageObjects()[pri:0, instance:com.qa.amazonTestCases.AmazonHomeTest@1ce92674]" name="initializeHomePageObjects" is-config="true" duration-ms="2277" started-at="2019-04-20T14:39:31Z" finished-at="2019-04-20T14:39:33Z">
          <reporter-output>
          </reporter-output>
        </test-method> <!-- initializeHomePageObjects -->
        <test-method status="FAIL" signature="checkContentOnHomePage()[pri:1, instance:com.qa.amazonTestCases.AmazonHomeTest@1ce92674]" name="checkContentOnHomePage" duration-ms="42" started-at="2019-04-20T14:39:33Z" finished-at="2019-04-20T14:39:33Z">
          <exception class="java.lang.AssertionError">
            <message>
              <![CDATA[expected [true] but found [false]]]>
            </message>
            <full-stacktrace>
              <![CDATA[java.lang.AssertionError: expected [true] but found [false]
at org.testng.Assert.fail(Assert.java:96)
at org.testng.Assert.failNotEquals(Assert.java:776)
at org.testng.Assert.assertTrue(Assert.java:44)
at org.testng.Assert.assertTrue(Assert.java:54)
at com.qa.amazonTestCases.AmazonHomeTest.checkContentOnHomePage(AmazonHomeTest.java:30)
at sun.reflect.NativeMethodAccessorImpl.invoke0(Native Method)
at sun.reflect.NativeMethodAccessorImpl.invoke(Unknown Source)
at sun.reflect.DelegatingMethodAccessorImpl.invoke(Unknown Source)
at java.lang.reflect.Method.invoke(Unknown Source)
at org.testng.internal.MethodInvocationHelper.invokeMethod(MethodInvocationHelper.java:124)
at org.testng.internal.Invoker.invokeMethod(Invoker.java:580)
at org.testng.internal.Invoker.invokeTestMethod(Invoker.java:716)
at org.testng.internal.Invoker.invokeTestMethods(Invoker.java:988)
at org.testng.internal.TestMethodWorker.invokeTestMethods(TestMethodWorker.java:125)
at org.testng.internal.TestMethodWorker.run(TestMethodWorker.java:109)
at org.testng.TestRunner.privateRun(TestRunner.java:648)
at org.testng.TestRunner.run(TestRunner.java:505)
at org.testng.SuiteRunner.runTest(SuiteRunner.java:455)
at org.testng.SuiteRunner.runSequentially(SuiteRunner.java:450)
at org.testng.SuiteRunner.privateRun(SuiteRunner.java:415)
at org.testng.SuiteRunner.run(SuiteRunner.java:364)
at org.testng.SuiteRunnerWorker.runSuite(SuiteRunnerWorker.java:52)
at org.testng.SuiteRunnerWorker.run(SuiteRunnerWorker.java:84)
at org.testng.TestNG.runSuitesSequentially(TestNG.java:1208)
at org.testng.TestNG.runSuitesLocally(TestNG.java:1137)
at org.testng.TestNG.runSuites(TestNG.java:1049)
at org.testng.TestNG.run(TestNG.java:1017)
at org.testng.remote.AbstractRemoteTestNG.run(AbstractRemoteTestNG.java:114)
at org.testng.remote.RemoteTestNG.initAndRun(RemoteTestNG.java:251)
at org.testng.remote.RemoteTestNG.main(RemoteTestNG.java:77)
]]>
            </full-stacktrace>
          </exception> <!-- java.lang.AssertionError -->
          <reporter-output>
          </reporter-output>
        </test-method> <!-- checkContentOnHomePage -->
      </class> <!-- com.qa.amazonTestCases.AmazonHomeTest -->
    </test> <!-- HomeTest -->
    <test name="ProductTest" duration-ms="16656" started-at="2019-04-20T14:39:34Z" finished-at="2019-04-20T14:39:50Z">
      <class name="com.qa.amazonTestCases.AmazonProductsPageTest">
        <test-method status="PASS" signature="inializeAmazonProductsPageTest()[pri:0, instance:com.qa.amazonTestCases.AmazonProductsPageTest@1e397ed7]" name="inializeAmazonProductsPageTest" is-config="true" duration-ms="1923" started-at="2019-04-20T14:39:34Z" finished-at="2019-04-20T14:39:36Z">
          <reporter-output>
          </reporter-output>
        </test-method> <!-- inializeAmazonProductsPageTest -->
        <test-method status="PASS" signature="checkProductSearchFuntionality(java.lang.String)[pri:0, instance:com.qa.amazonTestCases.AmazonProductsPageTest@1e397ed7]" name="checkProductSearchFuntionality" duration-ms="4241" started-at="2019-04-20T14:39:36Z" data-provider="getData" finished-at="2019-04-20T14:39:40Z">
          <params>
            <param index="0">
              <value>
                <![CDATA[redmi 7 pro phone mobile]]>
              </value>
            </param>
          </params>
          <reporter-output>
          </reporter-output>
        </test-method> <!-- checkProductSearchFuntionality -->
        <test-method status="PASS" signature="checkProductSearchFuntionality(java.lang.String)[pri:0, instance:com.qa.amazonTestCases.AmazonProductsPageTest@1e397ed7]" name="checkProductSearchFuntionality" duration-ms="5838" started-at="2019-04-20T14:39:40Z" data-provider="getData" finished-at="2019-04-20T14:39:46Z">
          <params>
            <param index="0">
              <value>
                <![CDATA[colgate total]]>
              </value>
            </param>
          </params>
          <reporter-output>
          </reporter-output>
        </test-method> <!-- checkProductSearchFuntionality -->
        <test-method status="PASS" signature="checkProductSearchFuntionality(java.lang.String)[pri:0, instance:com.qa.amazonTestCases.AmazonProductsPageTest@1e397ed7]" name="checkProductSearchFuntionality" duration-ms="4648" started-at="2019-04-20T14:39:46Z" data-provider="getData" finished-at="2019-04-20T14:39:50Z">
          <params>
            <param index="0">
              <value>
                <![CDATA[motorola g5s plus]]>
              </value>
            </param>
          </params>
          <reporter-output>
          </reporter-output>
        </test-method> <!-- checkProductSearchFuntionality -->
      </class> <!-- com.qa.amazonTestCases.AmazonProductsPageTest -->
      <class name="com.qa.amazonTestCases.StartStopDriver">
        <test-method status="PASS" signature="Setup()[pri:0, instance:com.qa.amazonTestCases.StartStopDriver@3f49dace]" name="Setup" is-config="true" duration-ms="6350" started-at="2019-04-20T14:38:39Z" finished-at="2019-04-20T14:38:46Z">
          <reporter-output>
          </reporter-output>
        </test-method> <!-- Setup -->
        <test-method status="PASS" signature="TearDown()[pri:0, instance:com.qa.amazonTestCases.StartStopDriver@3f49dace]" name="TearDown" is-config="true" duration-ms="2126" started-at="2019-04-20T14:39:50Z" finished-at="2019-04-20T14:39:52Z">
          <reporter-output>
          </reporter-output>
        </test-method> <!-- TearDown -->
      </class> <!-- com.qa.amazonTestCases.StartStopDriver -->
    </test> <!-- ProductTest -->
  </suite> <!-- Suite -->
</testng-results>
